build/app/intermediates/manifest_merge_blame_file/release/manifest-merger-blame-release-report.txt
1<?xml version="1.0" encoding="utf-8"?>
2<manifest xmlns:android="http://schemas.android.com/apk/res/android"
3    package="com.circulationperidical.ebook_app"
4    android:versionCode="1"
5    android:versionName="1.0.0" >
6
7    <uses-sdk
8        android:minSdkVersion="21"
8-->src\main\AndroidManifest.xml
9        android:targetSdkVersion="31" />
9-->src\main\AndroidManifest.xml
10
11    <uses-permission android:name="android.permission.ACCESS_NETWORK_STATE" />
11-->[:firebase_analytics] AndroidManifest.xml:7:5-79
11-->[:firebase_analytics] AndroidManifest.xml:7:22-76
12    <uses-permission android:name="android.permission.INTERNET" />
12-->[:firebase_analytics] AndroidManifest.xml:8:5-67
12-->[:firebase_analytics] AndroidManifest.xml:8:22-64
13    <uses-permission android:name="android.permission.WAKE_LOCK" />
13-->[:firebase_analytics] AndroidManifest.xml:9:5-68
13-->[:firebase_analytics] AndroidManifest.xml:9:22-65
14    <uses-permission android:name="android.permission.REQUEST_INSTALL_PACKAGES" />
14-->[:open_file] AndroidManifest.xml:8:5-83
14-->[:open_file] AndroidManifest.xml:8:22-80
15    <uses-permission android:name="android.permission.READ_EXTERNAL_STORAGE" />
15-->[:open_file] AndroidManifest.xml:9:5-80
15-->[:open_file] AndroidManifest.xml:9:22-77
16    <uses-permission android:name="com.google.android.gms.permission.AD_ID" />
16-->[com.google.android.gms:play-services-measurement-api:20.1.2] AndroidManifest.xml:25:5-79
16-->[com.google.android.gms:play-services-measurement-api:20.1.2] AndroidManifest.xml:25:22-76
17    <uses-permission android:name="com.google.android.finsky.permission.BIND_GET_INSTALL_REFERRER_SERVICE" />
17-->[com.google.android.gms:play-services-measurement:20.1.2] AndroidManifest.xml:26:5-110
17-->[com.google.android.gms:play-services-measurement:20.1.2] AndroidManifest.xml:26:22-107
18
19    <application
20        android:name="android.app.Application"
20-->src\main\AndroidManifest.xml:5:9-42
21        android:appComponentFactory="androidx.core.app.CoreComponentFactory"
21-->[androidx.core:core:1.6.0] AndroidManifest.xml:24:18-86
22        android:icon="@mipmap/ic_launcher"
22-->src\main\AndroidManifest.xml:6:9-43
23        android:label="ebook_app" >
23-->src\main\AndroidManifest.xml:4:9-34
24        <activity
24-->src\main\AndroidManifest.xml:7:9-27:20
25            android:name="com.circulationperidical.ebook_app.MainActivity"
25-->src\main\AndroidManifest.xml:8:13-41
26            android:configChanges="orientation|keyboardHidden|keyboard|screenSize|smallestScreenSize|locale|layoutDirection|fontScale|screenLayout|density|uiMode"
26-->src\main\AndroidManifest.xml:12:13-163
27            android:exported="true"
27-->src\main\AndroidManifest.xml:9:13-36
28            android:hardwareAccelerated="true"
28-->src\main\AndroidManifest.xml:13:13-47
29            android:launchMode="singleTop"
29-->src\main\AndroidManifest.xml:10:13-43
30            android:theme="@style/LaunchTheme"
30-->src\main\AndroidManifest.xml:11:13-47
31            android:windowSoftInputMode="adjustResize" >
31-->src\main\AndroidManifest.xml:14:13-55
32
33            <!--
34                 Specifies an Android theme to apply to this Activity as soon as
35                 the Android process has started. This theme is visible to the user
36                 while the Flutter UI initializes. After that, this theme continues
37                 to determine the Window background behind the Flutter UI.
38            -->
39            <meta-data
39-->src\main\AndroidManifest.xml:19:13-22:17
40                android:name="io.flutter.embedding.android.NormalTheme"
40-->src\main\AndroidManifest.xml:20:15-70
41                android:resource="@style/NormalTheme" />
41-->src\main\AndroidManifest.xml:21:15-52
42
43            <intent-filter>
43-->src\main\AndroidManifest.xml:23:13-26:29
44                <action android:name="android.intent.action.MAIN" />
44-->src\main\AndroidManifest.xml:24:17-68
44-->src\main\AndroidManifest.xml:24:25-66
45
46                <category android:name="android.intent.category.LAUNCHER" />
46-->src\main\AndroidManifest.xml:25:17-76
46-->src\main\AndroidManifest.xml:25:27-74
47            </intent-filter>
48        </activity>
49        <!--
50             Don't delete the meta-data below.
51             This is used by the Flutter tool to generate GeneratedPluginRegistrant.java
52        -->
53        <meta-data
53-->src\main\AndroidManifest.xml:30:9-32:33
54            android:name="flutterEmbedding"
54-->src\main\AndroidManifest.xml:31:13-44
55            android:value="2" />
55-->src\main\AndroidManifest.xml:32:13-30
56
57        <service
57-->[:firebase_app_check] AndroidManifest.xml:8:9-12:19
58            android:name="com.google.firebase.components.ComponentDiscoveryService"
58-->[:firebase_app_check] AndroidManifest.xml:8:18-89
59            android:directBootAware="true"
59-->[com.google.firebase:firebase-common:20.1.0] AndroidManifest.xml:35:13-43
60            android:exported="false" >
60-->[com.google.firebase:firebase-auth:21.0.3] AndroidManifest.xml:66:13-37
61            <meta-data
61-->[:firebase_app_check] AndroidManifest.xml:9:13-11:85
62                android:name="com.google.firebase.components:io.flutter.plugins.firebase.appcheck.FlutterFirebaseAppRegistrar"
62-->[:firebase_app_check] AndroidManifest.xml:10:17-127
63                android:value="com.google.firebase.components.ComponentRegistrar" />
63-->[:firebase_app_check] AndroidManifest.xml:11:17-82
64            <meta-data
64-->[:firebase_analytics] AndroidManifest.xml:13:13-15:85
65                android:name="com.google.firebase.components:io.flutter.plugins.firebase.analytics.FlutterFirebaseAppRegistrar"
65-->[:firebase_analytics] AndroidManifest.xml:14:17-128
66                android:value="com.google.firebase.components.ComponentRegistrar" />
66-->[:firebase_analytics] AndroidManifest.xml:15:17-82
67            <meta-data
67-->[:firebase_auth] AndroidManifest.xml:9:13-11:85
68                android:name="com.google.firebase.components:io.flutter.plugins.firebase.auth.FlutterFirebaseAuthRegistrar"
68-->[:firebase_auth] AndroidManifest.xml:10:17-124
69                android:value="com.google.firebase.components.ComponentRegistrar" />
69-->[:firebase_auth] AndroidManifest.xml:11:17-82
70            <meta-data
70-->[:firebase_storage] AndroidManifest.xml:9:13-11:85
71                android:name="com.google.firebase.components:io.flutter.plugins.firebase.storage.FlutterFirebaseAppRegistrar"
71-->[:firebase_storage] AndroidManifest.xml:10:17-126
72                android:value="com.google.firebase.components.ComponentRegistrar" />
72-->[:firebase_storage] AndroidManifest.xml:11:17-82
73            <meta-data
73-->[:cloud_firestore] AndroidManifest.xml:9:13-11:85
74                android:name="com.google.firebase.components:io.flutter.plugins.firebase.firestore.FlutterFirebaseFirestoreRegistrar"
74-->[:cloud_firestore] AndroidManifest.xml:10:17-134
75                android:value="com.google.firebase.components.ComponentRegistrar" />
75-->[:cloud_firestore] AndroidManifest.xml:11:17-82
76            <meta-data
76-->[:firebase_core] AndroidManifest.xml:9:13-11:85
77                android:name="com.google.firebase.components:io.flutter.plugins.firebase.core.FlutterFirebaseCoreRegistrar"
77-->[:firebase_core] AndroidManifest.xml:10:17-124
78                android:value="com.google.firebase.components.ComponentRegistrar" />
78-->[:firebase_core] AndroidManifest.xml:11:17-82
79            <meta-data
79-->[com.google.firebase:firebase-auth:21.0.3] AndroidManifest.xml:67:13-69:85
80                android:name="com.google.firebase.components:com.google.firebase.auth.FirebaseAuthRegistrar"
80-->[com.google.firebase:firebase-auth:21.0.3] AndroidManifest.xml:68:17-109
81                android:value="com.google.firebase.components.ComponentRegistrar" />
81-->[com.google.firebase:firebase-auth:21.0.3] AndroidManifest.xml:69:17-82
82            <meta-data
82-->[com.google.firebase:firebase-firestore:24.1.1] AndroidManifest.xml:20:13-22:85
83                android:name="com.google.firebase.components:com.google.firebase.firestore.FirestoreRegistrar"
83-->[com.google.firebase:firebase-firestore:24.1.1] AndroidManifest.xml:21:17-111
84                android:value="com.google.firebase.components.ComponentRegistrar" />
84-->[com.google.firebase:firebase-firestore:24.1.1] AndroidManifest.xml:22:17-82
85            <meta-data
85-->[com.google.firebase:firebase-storage:20.0.1] AndroidManifest.xml:33:13-35:85
86                android:name="com.google.firebase.components:com.google.firebase.storage.StorageRegistrar"
86-->[com.google.firebase:firebase-storage:20.0.1] AndroidManifest.xml:34:17-107
87                android:value="com.google.firebase.components.ComponentRegistrar" />
87-->[com.google.firebase:firebase-storage:20.0.1] AndroidManifest.xml:35:17-82
88            <meta-data
88-->[com.google.firebase:firebase-appcheck:16.0.0-beta04] AndroidManifest.xml:28:13-30:85
89                android:name="com.google.firebase.components:com.google.firebase.appcheck.FirebaseAppCheckRegistrar"
89-->[com.google.firebase:firebase-appcheck:16.0.0-beta04] AndroidManifest.xml:29:17-117
90                android:value="com.google.firebase.components.ComponentRegistrar" />
90-->[com.google.firebase:firebase-appcheck:16.0.0-beta04] AndroidManifest.xml:30:17-82
91            <meta-data
91-->[com.google.android.gms:play-services-measurement-api:20.1.2] AndroidManifest.xml:31:13-33:85
92                android:name="com.google.firebase.components:com.google.firebase.analytics.connector.internal.AnalyticsConnectorRegistrar"
92-->[com.google.android.gms:play-services-measurement-api:20.1.2] AndroidManifest.xml:32:17-139
93                android:value="com.google.firebase.components.ComponentRegistrar" />
93-->[com.google.android.gms:play-services-measurement-api:20.1.2] AndroidManifest.xml:33:17-82
94            <meta-data
94-->[com.google.firebase:firebase-installations:17.0.1] AndroidManifest.xml:18:13-20:85
95                android:name="com.google.firebase.components:com.google.firebase.installations.FirebaseInstallationsRegistrar"
95-->[com.google.firebase:firebase-installations:17.0.1] AndroidManifest.xml:19:17-127
96                android:value="com.google.firebase.components.ComponentRegistrar" />
96-->[com.google.firebase:firebase-installations:17.0.1] AndroidManifest.xml:20:17-82
97        </service>
98
99        <provider
99-->[:open_file] AndroidManifest.xml:12:9-21:20
100            android:name="com.crazecoder.openfile.FileProvider"
100-->[:open_file] AndroidManifest.xml:13:13-64
101            android:authorities="com.circulationperidical.ebook_app.fileProvider.com.crazecoder.openfile"
101-->[:open_file] AndroidManifest.xml:14:13-88
102            android:exported="false"
102-->[:open_file] AndroidManifest.xml:15:13-37
103            android:grantUriPermissions="true" >
103-->[:open_file] AndroidManifest.xml:16:13-47
104            <meta-data
104-->[:open_file] AndroidManifest.xml:18:13-20:53
105                android:name="android.support.FILE_PROVIDER_PATHS"
105-->[:open_file] AndroidManifest.xml:19:17-67
106                android:resource="@xml/filepaths" />
106-->[:open_file] AndroidManifest.xml:20:17-50
107        </provider>
108
109        <activity
109-->[com.google.firebase:firebase-auth:21.0.3] AndroidManifest.xml:27:9-44:20
110            android:name="com.google.firebase.auth.internal.GenericIdpActivity"
110-->[com.google.firebase:firebase-auth:21.0.3] AndroidManifest.xml:28:13-80
111            android:excludeFromRecents="true"
111-->[com.google.firebase:firebase-auth:21.0.3] AndroidManifest.xml:29:13-46
112            android:exported="true"
112-->[com.google.firebase:firebase-auth:21.0.3] AndroidManifest.xml:30:13-36
113            android:launchMode="singleTask"
113-->[com.google.firebase:firebase-auth:21.0.3] AndroidManifest.xml:31:13-44
114            android:theme="@android:style/Theme.Translucent.NoTitleBar" >
114-->[com.google.firebase:firebase-auth:21.0.3] AndroidManifest.xml:32:13-72
115            <intent-filter>
115-->[com.google.firebase:firebase-auth:21.0.3] AndroidManifest.xml:33:13-43:29
116                <action android:name="android.intent.action.VIEW" />
116-->[com.google.firebase:firebase-auth:21.0.3] AndroidManifest.xml:34:17-69
116-->[com.google.firebase:firebase-auth:21.0.3] AndroidManifest.xml:34:25-66
117
118                <category android:name="android.intent.category.DEFAULT" />
118-->[com.google.firebase:firebase-auth:21.0.3] AndroidManifest.xml:36:17-76
118-->[com.google.firebase:firebase-auth:21.0.3] AndroidManifest.xml:36:27-73
119                <category android:name="android.intent.category.BROWSABLE" />
119-->[com.google.firebase:firebase-auth:21.0.3] AndroidManifest.xml:37:17-78
119-->[com.google.firebase:firebase-auth:21.0.3] AndroidManifest.xml:37:27-75
120
121                <data
121-->[com.google.firebase:firebase-auth:21.0.3] AndroidManifest.xml:39:17-42:51
122                    android:host="firebase.auth"
122-->[com.google.firebase:firebase-auth:21.0.3] AndroidManifest.xml:40:21-49
123                    android:path="/"
123-->[com.google.firebase:firebase-auth:21.0.3] AndroidManifest.xml:41:21-37
124                    android:scheme="genericidp" />
124-->[com.google.firebase:firebase-auth:21.0.3] AndroidManifest.xml:42:21-48
125            </intent-filter>
126        </activity>
127        <activity
127-->[com.google.firebase:firebase-auth:21.0.3] AndroidManifest.xml:45:9-62:20
128            android:name="com.google.firebase.auth.internal.RecaptchaActivity"
128-->[com.google.firebase:firebase-auth:21.0.3] AndroidManifest.xml:46:13-79
129            android:excludeFromRecents="true"
129-->[com.google.firebase:firebase-auth:21.0.3] AndroidManifest.xml:47:13-46
130            android:exported="true"
130-->[com.google.firebase:firebase-auth:21.0.3] AndroidManifest.xml:48:13-36
131            android:launchMode="singleTask"
131-->[com.google.firebase:firebase-auth:21.0.3] AndroidManifest.xml:49:13-44
132            android:theme="@android:style/Theme.Translucent.NoTitleBar" >
132-->[com.google.firebase:firebase-auth:21.0.3] AndroidManifest.xml:50:13-72
133            <intent-filter>
133-->[com.google.firebase:firebase-auth:21.0.3] AndroidManifest.xml:51:13-61:29
134                <action android:name="android.intent.action.VIEW" />
134-->[com.google.firebase:firebase-auth:21.0.3] AndroidManifest.xml:34:17-69
134-->[com.google.firebase:firebase-auth:21.0.3] AndroidManifest.xml:34:25-66
135
136                <category android:name="android.intent.category.DEFAULT" />
136-->[com.google.firebase:firebase-auth:21.0.3] AndroidManifest.xml:36:17-76
136-->[com.google.firebase:firebase-auth:21.0.3] AndroidManifest.xml:36:27-73
137                <category android:name="android.intent.category.BROWSABLE" />
137-->[com.google.firebase:firebase-auth:21.0.3] AndroidManifest.xml:37:17-78
137-->[com.google.firebase:firebase-auth:21.0.3] AndroidManifest.xml:37:27-75
138
139                <data
139-->[com.google.firebase:firebase-auth:21.0.3] AndroidManifest.xml:39:17-42:51
140                    android:host="firebase.auth"
140-->[com.google.firebase:firebase-auth:21.0.3] AndroidManifest.xml:40:21-49
141                    android:path="/"
141-->[com.google.firebase:firebase-auth:21.0.3] AndroidManifest.xml:41:21-37
142                    android:scheme="recaptcha" />
142-->[com.google.firebase:firebase-auth:21.0.3] AndroidManifest.xml:42:21-48
143            </intent-filter>
144        </activity>
145
146        <uses-library
146-->[androidx.window:window:1.0.0-beta04] AndroidManifest.xml:25:9-27:40
147            android:name="androidx.window.extensions"
147-->[androidx.window:window:1.0.0-beta04] AndroidManifest.xml:26:13-54
148            android:required="false" />
148-->[androidx.window:window:1.0.0-beta04] AndroidManifest.xml:27:13-37
149        <uses-library
149-->[androidx.window:window:1.0.0-beta04] AndroidManifest.xml:28:9-30:40
150            android:name="androidx.window.sidecar"
150-->[androidx.window:window:1.0.0-beta04] AndroidManifest.xml:29:13-51
151            android:required="false" />
151-->[androidx.window:window:1.0.0-beta04] AndroidManifest.xml:30:13-37
152
153        <provider
153-->[com.google.firebase:firebase-common:20.1.0] AndroidManifest.xml:26:9-31:39
154            android:name="com.google.firebase.provider.FirebaseInitProvider"
154-->[com.google.firebase:firebase-common:20.1.0] AndroidManifest.xml:27:13-77
155            android:authorities="com.circulationperidical.ebook_app.firebaseinitprovider"
155-->[com.google.firebase:firebase-common:20.1.0] AndroidManifest.xml:28:13-72
156            android:directBootAware="true"
156-->[com.google.firebase:firebase-common:20.1.0] AndroidManifest.xml:29:13-43
157            android:exported="false"
157-->[com.google.firebase:firebase-common:20.1.0] AndroidManifest.xml:30:13-37
158            android:initOrder="100" />
158-->[com.google.firebase:firebase-common:20.1.0] AndroidManifest.xml:31:13-36
159
160        <activity
160-->[com.google.android.gms:play-services-base:18.0.1] AndroidManifest.xml:20:9-22:45
161            android:name="com.google.android.gms.common.api.GoogleApiActivity"
161-->[com.google.android.gms:play-services-base:18.0.1] AndroidManifest.xml:20:19-85
162            android:exported="false"
162-->[com.google.android.gms:play-services-base:18.0.1] AndroidManifest.xml:22:19-43
163            android:theme="@android:style/Theme.Translucent.NoTitleBar" />
163-->[com.google.android.gms:play-services-base:18.0.1] AndroidManifest.xml:21:19-78
164
165        <receiver
165-->[com.google.android.gms:play-services-measurement:20.1.2] AndroidManifest.xml:29:9-33:20
166            android:name="com.google.android.gms.measurement.AppMeasurementReceiver"
166-->[com.google.android.gms:play-services-measurement:20.1.2] AndroidManifest.xml:30:13-85
167            android:enabled="true"
167-->[com.google.android.gms:play-services-measurement:20.1.2] AndroidManifest.xml:31:13-35
168            android:exported="false" >
168-->[com.google.android.gms:play-services-measurement:20.1.2] AndroidManifest.xml:32:13-37
169        </receiver>
170
171        <service
171-->[com.google.android.gms:play-services-measurement:20.1.2] AndroidManifest.xml:35:9-38:40
172            android:name="com.google.android.gms.measurement.AppMeasurementService"
172-->[com.google.android.gms:play-services-measurement:20.1.2] AndroidManifest.xml:36:13-84
173            android:enabled="true"
173-->[com.google.android.gms:play-services-measurement:20.1.2] AndroidManifest.xml:37:13-35
174            android:exported="false" />
174-->[com.google.android.gms:play-services-measurement:20.1.2] AndroidManifest.xml:38:13-37
175        <service
175-->[com.google.android.gms:play-services-measurement:20.1.2] AndroidManifest.xml:39:9-43:72
176            android:name="com.google.android.gms.measurement.AppMeasurementJobService"
176-->[com.google.android.gms:play-services-measurement:20.1.2] AndroidManifest.xml:40:13-87
177            android:enabled="true"
177-->[com.google.android.gms:play-services-measurement:20.1.2] AndroidManifest.xml:41:13-35
178            android:exported="false"
178-->[com.google.android.gms:play-services-measurement:20.1.2] AndroidManifest.xml:42:13-37
179            android:permission="android.permission.BIND_JOB_SERVICE" />
179-->[com.google.android.gms:play-services-measurement:20.1.2] AndroidManifest.xml:43:13-69
180
181        <meta-data
181-->[com.google.android.gms:play-services-basement:18.0.0] AndroidManifest.xml:21:9-23:69
182            android:name="com.google.android.gms.version"
182-->[com.google.android.gms:play-services-basement:18.0.0] AndroidManifest.xml:22:13-58
183            android:value="@integer/google_play_services_version" />
183-->[com.google.android.gms:play-services-basement:18.0.0] AndroidManifest.xml:23:13-66
184    </application>
185
186</manifest>